<?xml version="1.0" encoding="UTF-8"?>
<!-- Generated by org.testng.reporters.JUnitReportReporter -->
<testsuite skipped="0" hostname="DESKTOP-23R50OH" name="com.obsqura.ProjectPOM.JavascriptExecutorPageDemoTest" tests="1" failures="0" timestamp="19 Dec 2022 02:06:17 GMT" time="18.862" errors="0">
  <testcase name="checkAndGenerateHashCode" time="18.862" classname="com.obsqura.ProjectPOM.JavascriptExecutorPageDemoTest"/>
</testsuite> <!-- com.obsqura.ProjectPOM.JavascriptExecutorPageDemoTest -->
