<?xml version="1.0" encoding="UTF-8"?>
<!-- Generated by org.testng.reporters.JUnitReportReporter -->
<testsuite skipped="0" hostname="DESKTOP-23R50OH" name="com.obsqura.ProjectPOM.FormSubmitByParameterTest" tests="1" failures="0" timestamp="19 Dec 2022 11:46:16 GMT" time="26.149" errors="0">
  <testcase name="checkFillAndSubmitFormByParameter" time="26.149" classname="com.obsqura.ProjectPOM.FormSubmitByParameterTest"/>
</testsuite> <!-- com.obsqura.ProjectPOM.FormSubmitByParameterTest -->
