<?xml version="1.0" encoding="UTF-8"?>
<!-- Generated by org.testng.reporters.JUnitReportReporter -->
<testsuite skipped="0" hostname="DESKTOP-23R50OH" name="com.obsqura.ProjectPOM.NavigationMenuSelectTest" tests="1" failures="0" timestamp="14 Dec 2022 02:08:16 GMT" time="13.813" errors="0">
  <testcase name="checkNavigationMenuClick" time="13.813" classname="com.obsqura.ProjectPOM.NavigationMenuSelectTest"/>
</testsuite> <!-- com.obsqura.ProjectPOM.NavigationMenuSelectTest -->
