<?xml version="1.0" encoding="UTF-8"?>
<!-- Generated by org.testng.reporters.JUnitReportReporter -->
<testsuite skipped="0" hostname="DESKTOP-23R50OH" name="com.obsqura.ProjectPOM.SelectInputPageTest" tests="2" failures="0" timestamp="28 Nov 2022 15:03:19 GMT" time="14.459" errors="0">
  <testcase name="selectColorAndVerifySelectMultipleInputColor" time="6.578" classname="com.obsqura.ProjectPOM.SelectInputPageTest"/>
  <testcase name="selectColorAndVerifySelectSingleInputColor" time="7.881" classname="com.obsqura.ProjectPOM.SelectInputPageTest"/>
</testsuite> <!-- com.obsqura.ProjectPOM.SelectInputPageTest -->
