<?xml version="1.0" encoding="UTF-8"?>
<!-- Generated by org.testng.reporters.JUnitReportReporter -->
<testsuite skipped="0" hostname="DESKTOP-23R50OH" name="com.obsqura.ProjectPOM.SelectInputPageTest" tests="2" failures="0" timestamp="14 Dec 2022 04:09:12 GMT" time="115.893" errors="0">
  <testcase name="selectColorAndVerifySelectSingleInputColor" time="57.554" classname="com.obsqura.ProjectPOM.SelectInputPageTest"/>
  <testcase name="selectColorAndVerifySelectMultipleInputColor" time="58.339" classname="com.obsqura.ProjectPOM.SelectInputPageTest"/>
</testsuite> <!-- com.obsqura.ProjectPOM.SelectInputPageTest -->
