<?xml version="1.0" encoding="UTF-8"?>
<!-- Generated by org.testng.reporters.JUnitReportReporter -->
<testsuite skipped="0" hostname="DESKTOP-23R50OH" name="com.obsqura.ProjectPOM.PomTest" tests="1" failures="0" timestamp="23 Nov 2022 03:37:17 GMT" time="8.385" errors="0">
  <testcase name="radioButtonNavigate" time="8.385" classname="com.obsqura.ProjectPOM.PomTest"/>
</testsuite> <!-- com.obsqura.ProjectPOM.PomTest -->
