<?xml version="1.0" encoding="UTF-8"?>
<!-- Generated by org.testng.reporters.JUnitReportReporter -->
<testsuite skipped="0" hostname="DESKTOP-23R50OH" name="com.obsqura.ProjectPOM.SimpleFormDemoTest" tests="1" failures="0" timestamp="07 Dec 2022 04:02:41 GMT" time="7.937" errors="0">
  <testcase name="checkAndVerifyTitleAndUrl" time="7.937" classname="com.obsqura.ProjectPOM.SimpleFormDemoTest"/>
</testsuite> <!-- com.obsqura.ProjectPOM.SimpleFormDemoTest -->
