<?xml version="1.0" encoding="UTF-8"?>
<!-- Generated by org.testng.reporters.JUnitReportReporter -->
<testsuite skipped="0" hostname="DESKTOP-23R50OH" name="com.obsqura.ProjectPOM.SimpleFormDemoTest" tests="2" failures="0" timestamp="24 Nov 2022 04:03:04 GMT" time="11.326" errors="0">
  <testcase name="enterMessageAndVerifySingleInputField" time="6.557" classname="com.obsqura.ProjectPOM.SimpleFormDemoTest"/>
  <testcase name="enterMessageAndVerifyTwoInputField" time="4.769" classname="com.obsqura.ProjectPOM.SimpleFormDemoTest"/>
</testsuite> <!-- com.obsqura.ProjectPOM.SimpleFormDemoTest -->
