<?xml version="1.0" encoding="UTF-8"?>
<!-- Generated by org.testng.reporters.JUnitReportReporter -->
<testsuite skipped="0" hostname="DESKTOP-23R50OH" name="com.obsqura.ProjectPOM.RadioButtonsDemoTest" tests="3" failures="0" timestamp="29 Nov 2022 10:45:29 GMT" time="34.213" errors="0">
  <testcase name="clickAndVerifyMaleRadioButtonSelectedMessageCheck" time="21.431" classname="com.obsqura.ProjectPOM.RadioButtonsDemoTest"/>
  <testcase name="noClickAndVerifyMaleFemaleRadioButtonEnabledOrNot" time="7.718" classname="com.obsqura.ProjectPOM.RadioButtonsDemoTest"/>
  <testcase name="clickAndVerifyFemaleRadioButtonSelectedMessageCheck" time="5.064" classname="com.obsqura.ProjectPOM.RadioButtonsDemoTest"/>
</testsuite> <!-- com.obsqura.ProjectPOM.RadioButtonsDemoTest -->
