<?xml version="1.0" encoding="UTF-8"?>
<!-- Generated by org.testng.reporters.JUnitReportReporter -->
<testsuite skipped="0" hostname="DESKTOP-23R50OH" name="com.obsqura.ProjectPOM.FormSubmitByDataProviderTest" tests="1" failures="0" timestamp="19 Dec 2022 12:20:49 GMT" time="9.649" errors="0">
  <testcase name="checkFillAndSubmitFormByDataProvider" time="9.649" classname="com.obsqura.ProjectPOM.FormSubmitByDataProviderTest"/>
</testsuite> <!-- com.obsqura.ProjectPOM.FormSubmitByDataProviderTest -->
