<?xml version="1.0" encoding="UTF-8"?>
<!-- Generated by org.testng.reporters.JUnitReportReporter -->
<testsuite skipped="0" hostname="DESKTOP-23R50OH" name="com.obsqura.ProjectPOM.NavigationMenuSelectTest" tests="1" failures="0" timestamp="13 Dec 2022 09:15:03 GMT" time="7.885" errors="0">
  <testcase name="checkNavigationMenuClick" time="7.885" classname="com.obsqura.ProjectPOM.NavigationMenuSelectTest"/>
</testsuite> <!-- com.obsqura.ProjectPOM.NavigationMenuSelectTest -->
