<?xml version="1.0" encoding="UTF-8"?>
<!-- Generated by org.testng.reporters.JUnitReportReporter -->
<testsuite skipped="0" hostname="DESKTOP-23R50OH" name="com.obsqura.ProjectPOM.SimpleAlertsTest" tests="3" failures="0" timestamp="20 Dec 2022 18:18:31 GMT" time="37.477" errors="0">
  <testcase name="checkAndPromptBoxClickMe" time="22.154" classname="com.obsqura.ProjectPOM.SimpleAlertsTest"/>
  <testcase name="checkAndAlertBoxClickMe" time="6.195" classname="com.obsqura.ProjectPOM.SimpleAlertsTest"/>
  <testcase name="checkAndConfirmBoxClickMe" time="9.128" classname="com.obsqura.ProjectPOM.SimpleAlertsTest"/>
</testsuite> <!-- com.obsqura.ProjectPOM.SimpleAlertsTest -->
