<?xml version="1.0" encoding="UTF-8"?>
<!-- Generated by org.testng.reporters.JUnitReportReporter -->
<testsuite skipped="0" hostname="DESKTOP-23R50OH" name="com.obsqura.ProjectPOM.AlertPracticeTest" tests="1" failures="0" timestamp="22 Dec 2022 07:20:44 GMT" time="12.865" errors="0">
  <testcase name="checkAndSignUpAsUser" time="12.865" classname="com.obsqura.ProjectPOM.AlertPracticeTest"/>
</testsuite> <!-- com.obsqura.ProjectPOM.AlertPracticeTest -->
