<?xml version="1.0" encoding="UTF-8"?>
<!-- Generated by org.testng.reporters.JUnitReportReporter -->
<testsuite skipped="0" hostname="DESKTOP-23R50OH" name="com.obsqura.ProjectPOM.RadioButtonsDemoTest" tests="3" failures="0" timestamp="14 Dec 2022 03:49:01 GMT" time="19.522" errors="0">
  <testcase name="clickAndVerifyMaleRadioButtonSelectedMessageCheck" time="5.137" classname="com.obsqura.ProjectPOM.RadioButtonsDemoTest"/>
  <testcase name="clickAndVerifyFemaleRadioButtonSelectedMessageCheck" time="6.306" classname="com.obsqura.ProjectPOM.RadioButtonsDemoTest"/>
  <testcase name="noClickAndVerifyMaleFemaleRadioButtonEnabledOrNot" time="8.079" classname="com.obsqura.ProjectPOM.RadioButtonsDemoTest"/>
</testsuite> <!-- com.obsqura.ProjectPOM.RadioButtonsDemoTest -->
