<?xml version="1.0" encoding="UTF-8"?>
<!-- Generated by org.testng.reporters.JUnitReportReporter -->
<testsuite skipped="0" hostname="DESKTOP-23R50OH" name="com.obsqura.ProjectPOM.FormSubmitPageTest" tests="1" failures="0" timestamp="19 Dec 2022 04:27:34 GMT" time="9.772" errors="0">
  <testcase name="checkFillAndSubmitForm" time="9.772" classname="com.obsqura.ProjectPOM.FormSubmitPageTest"/>
</testsuite> <!-- com.obsqura.ProjectPOM.FormSubmitPageTest -->
