<?xml version="1.0" encoding="UTF-8"?>
<!-- Generated by org.testng.reporters.JUnitReportReporter -->
<testsuite skipped="0" hostname="DESKTOP-23R50OH" name="com.obsqura.ProjectPOM.RowAndColumnCountTest" tests="1" failures="0" timestamp="15 Dec 2022 07:44:34 GMT" time="14.134" errors="0">
  <testcase name="findCountColumnSize" time="14.134" classname="com.obsqura.ProjectPOM.RowAndColumnCountTest"/>
</testsuite> <!-- com.obsqura.ProjectPOM.RowAndColumnCountTest -->
