<?xml version="1.0" encoding="UTF-8"?>
<!-- Generated by org.testng.reporters.JUnitReportReporter -->
<testsuite skipped="0" hostname="DESKTOP-23R50OH" name="com.obsqura.ProjectPOM.SimpleFormDemoTest" tests="2" failures="0" timestamp="29 Nov 2022 11:01:14 GMT" time="13.501" errors="0">
  <testcase name="enterMessageAndVerifySingleInputField" time="8.001" classname="com.obsqura.ProjectPOM.SimpleFormDemoTest"/>
  <testcase name="enterMessageAndVerifyTwoInputField" time="5.500" classname="com.obsqura.ProjectPOM.SimpleFormDemoTest"/>
</testsuite> <!-- com.obsqura.ProjectPOM.SimpleFormDemoTest -->
