<?xml version="1.0" encoding="UTF-8"?>
<!-- Generated by org.testng.reporters.JUnitReportReporter -->
<testsuite skipped="0" hostname="DESKTOP-23R50OH" name="com.obsqura.ProjectPOM.SimpleFormDemoTest" tests="3" failures="0" timestamp="13 Dec 2022 07:14:19 GMT" time="29.722" errors="0">
  <testcase name="enterMessageAndVerifyTwoInputField" time="5.023" classname="com.obsqura.ProjectPOM.SimpleFormDemoTest"/>
  <testcase name="enterMessageAndVerifySingleInputField" time="6.686" classname="com.obsqura.ProjectPOM.SimpleFormDemoTest"/>
  <testcase name="checkAndVerifyTitleAndUrl" time="18.013" classname="com.obsqura.ProjectPOM.SimpleFormDemoTest"/>
</testsuite> <!-- com.obsqura.ProjectPOM.SimpleFormDemoTest -->
