<?xml version="1.0" encoding="UTF-8"?>
<!-- Generated by org.testng.reporters.JUnitReportReporter -->
<testsuite skipped="1" hostname="DESKTOP-23R50OH" name="com.obsqura.ProjectPOM.WindowHandlingDemoTest" tests="2" failures="0" timestamp="22 Dec 2022 05:57:37 GMT" time="93.111" errors="0">
  <testcase name="verifyAndclickLikeUsOnFacebook" time="93.111" classname="com.obsqura.ProjectPOM.WindowHandlingDemoTest"/>
  <testcase name="verifyAndclickCreateNewAAccount" classname="com.obsqura.ProjectPOM.WindowHandlingDemoTest">
    <skipped/>
  </testcase> <!-- verifyAndclickCreateNewAAccount -->
</testsuite> <!-- com.obsqura.ProjectPOM.WindowHandlingDemoTest -->
