<?xml version="1.0" encoding="UTF-8"?>
<!-- Generated by org.testng.reporters.JUnitReportReporter -->
<testsuite skipped="0" hostname="DESKTOP-23R50OH" name="com.obsqura.ProjectPOM.SelectInputPageTest" tests="2" failures="0" timestamp="29 Nov 2022 11:14:12 GMT" time="99.763" errors="0">
  <testcase name="selectColorAndVerifySelectSingleInputColor" time="56.752" classname="com.obsqura.ProjectPOM.SelectInputPageTest"/>
  <testcase name="selectColorAndVerifySelectMultipleInputColor" time="43.011" classname="com.obsqura.ProjectPOM.SelectInputPageTest"/>
</testsuite> <!-- com.obsqura.ProjectPOM.SelectInputPageTest -->
