<?xml version="1.0" encoding="UTF-8"?>
<!-- Generated by org.testng.reporters.JUnitReportReporter -->
<testsuite skipped="0" hostname="DESKTOP-23R50OH" name="com.obsqura.ProjectPOM.RadioButtonsDemoTest" tests="1" failures="0" timestamp="06 Dec 2022 18:07:51 GMT" time="8.543" errors="0">
  <testcase name="clickAndVerifyFemaleRadioButtonSelectedMessageCheck" time="8.543" classname="com.obsqura.ProjectPOM.RadioButtonsDemoTest"/>
</testsuite> <!-- com.obsqura.ProjectPOM.RadioButtonsDemoTest -->
