<?xml version="1.0" encoding="UTF-8"?>
<!-- Generated by org.testng.reporters.JUnitReportReporter -->
<testsuite skipped="0" hostname="DESKTOP-23R50OH" name="com.obsqura.ProjectPOM.OthersDemoPageTest" tests="1" failures="0" timestamp="08 Dec 2022 15:39:36 GMT" time="9.892" errors="0">
  <testcase name="checkAndVerifyAndClickChartDemo" time="9.892" classname="com.obsqura.ProjectPOM.OthersDemoPageTest"/>
</testsuite> <!-- com.obsqura.ProjectPOM.OthersDemoPageTest -->
