<?xml version="1.0" encoding="UTF-8"?>
<!-- Generated by org.testng.reporters.JUnitReportReporter -->
<testsuite skipped="0" hostname="DESKTOP-23R50OH" name="com.obsqura.ProjectPOM.SelectInputPageTest" tests="1" failures="0" timestamp="07 Dec 2022 04:10:57 GMT" time="10.992" errors="0">
  <testcase name="selectColorAndVerifySelectMultipleInputColor" time="10.992" classname="com.obsqura.ProjectPOM.SelectInputPageTest"/>
</testsuite> <!-- com.obsqura.ProjectPOM.SelectInputPageTest -->
